{
  "stats": {
    "suites": 1,
    "tests": 1,
    "passes": 1,
    "pending": 0,
    "failures": 0,
    "start": "2021-11-19T09:02:16.007Z",
    "end": "2021-11-19T09:02:27.092Z",
    "duration": 11085,
    "testsRegistered": 1,
    "passPercent": 100,
    "pendingPercent": 0,
    "other": 0,
    "hasOther": false,
    "skipped": 0,
    "hasSkipped": false
  },
  "results": [
    {
      "uuid": "360be43b-d319-4b79-9887-d4c8eeef2515",
      "title": "",
      "fullFile": "cypress\\integration\\GreenKart\\Test1.js",
      "file": "cypress\\integration\\GreenKart\\Test1.js",
      "beforeHooks": [],
      "afterHooks": [],
      "tests": [],
      "suites": [
        {
          "uuid": "8d4988fd-a7b3-4ac3-b292-1aec802062b7",
          "title": "My First Test Suite",
          "fullFile": "",
          "file": "",
          "beforeHooks": [],
          "afterHooks": [],
          "tests": [
            {
              "title": "My First Test Case",
              "fullTitle": "My First Test Suite My First Test Case",
              "timedOut": null,
              "duration": 9131,
              "state": "passed",
              "speed": "slow",
              "pass": true,
              "fail": false,
              "pending": false,
              "context": null,
              "code": "cy.visit(\"https://rahulshettyacademy.com/seleniumPractise/#/\");\ncy.get(\"input[type='search']\").type(\"ca\");\ncy.wait(2000);\ncy.get(\".product\").should('have.length', 5);\ncy.get(\".product:visible\").should('have.length', 4); // Parent child chaining\ncy.get(\".products\").as(\"productLocator\");\ncy.get(\"@productLocator\").find(\".product\").should(\"have.length\", 4);\ncy.get(\"@productLocator\").find(\".product\").eq(2).contains(\"ADD TO CART\").click().then(function () {\n  console.log(\"----Info----\");\n});\ncy.get(\".products\").find(\".product\").each(function ($e1, index, $list) {\n  var textVeg = $e1.find(\"h4.product-name\").text();\n  if (textVeg.includes(\"Cashews\")) {\n    $e1.find(\"button\").click();\n  }\n}); // assert if logo text dispalyed in correct\ncy.get(\".brand\").should(\"have.text\", \"GREENKART\"); // this to print in logs\ncy.get(\".brand\").then(function (logoElement) {\n  cy.log(logoElement.text());\n});",
              "err": {},
              "uuid": "69393b8f-5699-442a-b844-b390238ccc16",
              "parentUUID": "8d4988fd-a7b3-4ac3-b292-1aec802062b7",
              "isHook": false,
              "skipped": false
            }
          ],
          "suites": [],
          "passes": [
            "69393b8f-5699-442a-b844-b390238ccc16"
          ],
          "failures": [],
          "pending": [],
          "skipped": [],
          "duration": 9131,
          "root": false,
          "rootEmpty": false,
          "_timeout": 2000
        }
      ],
      "passes": [],
      "failures": [],
      "pending": [],
      "skipped": [],
      "duration": 0,
      "root": true,
      "rootEmpty": true,
      "_timeout": 2000
    }
  ],
  "meta": {
    "mocha": {
      "version": "7.0.1"
    },
    "mochawesome": {
      "options": {
        "quiet": false,
        "reportFilename": "mochawesome",
        "saveHtml": true,
        "saveJson": true,
        "consoleReporter": "spec",
        "useInlineDiffs": false,
        "code": true
      },
      "version": "6.1.1"
    },
    "marge": {
      "options": null,
      "version": "5.1.0"
    }
  }
}